<?xml version="1.0" encoding="UTF-8"?>
<!-- Generated by org.testng.reporters.JUnitXMLReporter -->
<testsuite ignored="0" hostname="DESKTOP-T7GNR3C" failures="0" tests="4" name="Test" time="132.098" errors="0" timestamp="2023-08-29T09:45:35 PDT">
  <testcase classname="com.androjava.proj3.App" name="login" time="0.021"/>
  <testcase classname="com.androjava.proj3.App" name="dosetup" time="83.917"/>
  <testcase classname="com.androjava.proj3.App" name="openBrowser" time="40.227"/>
  <testcase classname="com.androjava.proj3.Login" name="dologin" time="7.812"/>
</testsuite> <!-- Test -->
