<?xml version="1.0" encoding="UTF-8"?>
<!-- Generated by org.testng.reporters.JUnitXMLReporter -->
<testsuite ignored="0" hostname="DESKTOP-T7GNR3C" failures="0" tests="4" name="LoginTest" time="67.106" errors="0" timestamp="2023-08-29T00:44:37 PDT">
  <testcase classname="com.androjava.proj3.App" name="login" time="0.013"/>
  <testcase classname="com.androjava.proj3.App" name="dosetup" time="52.835"/>
  <testcase classname="com.androjava.proj3.App" name="openBrowser" time="14.115"/>
  <testcase classname="com.androjava.proj3.App" name="search" time="0.004"/>
</testsuite> <!-- LoginTest -->
